<?xml version="1.0" encoding="UTF-8"?>
<!-- Generated by org.testng.reporters.JUnitReportReporter -->
<testsuite hostname="vtnhuan" failures="0" tests="1" name="bp2.TCExportRoyaltyInvoice" time="22.230" errors="0" timestamp="24 Dec 2018 03:47:00 GMT" skipped="0">
  <testcase classname="bp2.TCExportRoyaltyInvoice" name="ExportRoyaltyInvoice" time="22.230"/>
</testsuite> <!-- bp2.TCExportRoyaltyInvoice -->
