<?xml version="1.0" encoding="UTF-8"?>
<!-- Generated by org.testng.reporters.JUnitReportReporter -->
<testsuite skipped="0" hostname="darLinh" name="bp2.TCGoBear" tests="1" failures="0" timestamp="23 Apr 2020 02:49:12 GMT" time="24.133" errors="0">
  <testcase name="GoBear" time="24.133" classname="bp2.TCGoBear"/>
</testsuite> <!-- bp2.TCGoBear -->
