<?xml version="1.0" encoding="UTF-8"?>
<!-- Generated by org.testng.reporters.JUnitReportReporter -->
<testsuite hostname="vtnhuan" failures="0" tests="1" name="bp2.TCImportStudio" time="29.863" errors="0" timestamp="11 Jan 2019 08:03:16 GMT" skipped="0">
  <testcase classname="bp2.TCImportStudio" name="ImportDeleteStudio" time="29.863"/>
</testsuite> <!-- bp2.TCImportStudio -->
