<?xml version="1.0" encoding="UTF-8"?>
<!-- Generated by org.testng.reporters.JUnitReportReporter -->
<testsuite hostname="vtnhuan" failures="0" tests="1" name="bp2.TCExportRoyaltyInvoiceList" time="21.835" errors="0" timestamp="22 Jan 2019 08:15:17 GMT" skipped="0">
  <testcase classname="bp2.TCExportRoyaltyInvoiceList" name="ExportRoyaltyInvoiceList" time="21.835"/>
</testsuite> <!-- bp2.TCExportRoyaltyInvoiceList -->
