<?xml version="1.0" encoding="UTF-8"?>
<!-- Generated by org.testng.reporters.JUnitReportReporter -->
<testsuite hostname="vtnhuan" failures="0" tests="1" name="bp2.TC002" time="52.720" errors="0" timestamp="11 Dec 2018 10:04:34 GMT" skipped="0">
  <testcase classname="bp2.TC002" name="TCcreateEditDeleteSAUser" time="52.720"/>
</testsuite> <!-- bp2.TC002 -->
