<?xml version="1.0" encoding="UTF-8"?>
<!-- Generated by org.testng.reporters.JUnitReportReporter -->
<testsuite hostname="vtnhuan" failures="0" tests="1" name="bp2.TCHelpAddNewFAQ" time="42.659" errors="0" timestamp="23 Jan 2019 07:51:07 GMT" skipped="0">
  <testcase classname="bp2.TCHelpAddNewFAQ" name="AddEditDeleteFAQ" time="42.659"/>
</testsuite> <!-- bp2.TCHelpAddNewFAQ -->
