<?xml version="1.0" encoding="UTF-8"?>
<!-- Generated by org.testng.reporters.JUnitReportReporter -->
<testsuite hostname="vtnhuan" failures="0" tests="1" name="bp2.TCExportPeriodRoyaltyInvoice" time="22.109" errors="0" timestamp="23 Jan 2019 09:37:27 GMT" skipped="0">
  <testcase classname="bp2.TCExportPeriodRoyaltyInvoice" name="ExportPeriodRoyaltyInvoice" time="22.109"/>
</testsuite> <!-- bp2.TCExportPeriodRoyaltyInvoice -->
