<?xml version="1.0" encoding="UTF-8"?>
<!-- Generated by org.testng.reporters.JUnitReportReporter -->
<testsuite hostname="vtnhuan" failures="0" tests="1" name="bp2.TCARSCreateEditDeleteSuperConUser" time="67.379" errors="0" timestamp="19 Dec 2018 10:21:05 GMT" skipped="0">
  <testcase classname="bp2.TCARSCreateEditDeleteSuperConUser" name="CreateEditDeleteSuperConUser" time="67.379"/>
</testsuite> <!-- bp2.TCARSCreateEditDeleteSuperConUser -->
