<?xml version="1.0" encoding="UTF-8"?>
<!-- Generated by org.testng.reporters.JUnitReportReporter -->
<testsuite skipped="0" hostname="vtnhuan" name="demo.TC001" tests="1" failures="0" timestamp="26 Nov 2018 08:08:59 GMT" time="13.396" errors="0">
  <testcase name="testGoogle" time="13.396" classname="demo.TC001"/>
</testsuite> <!-- demo.TC001 -->
