<?xml version="1.0" encoding="UTF-8"?>
<!-- Generated by org.testng.reporters.JUnitReportReporter -->
<testsuite hostname="vtnhuan" failures="0" tests="1" name="bp2.TCRaiseDisputeManual" time="63.836" errors="0" timestamp="18 Jan 2019 08:59:11 GMT" skipped="0">
  <testcase classname="bp2.TCRaiseDisputeManual" name="RaiseDisputeManual" time="63.836"/>
</testsuite> <!-- bp2.TCRaiseDisputeManual -->
