<?xml version="1.0" encoding="UTF-8"?>
<!-- Generated by org.testng.reporters.JUnitReportReporter -->
<testsuite hostname="vtnhuan" failures="0" tests="1" name="bp2.TCImportWeeklyCrossRegionalData" time="90.426" errors="0" timestamp="11 Jan 2019 08:03:15 GMT" skipped="0">
  <testcase classname="bp2.TCImportWeeklyCrossRegionalData" name="ImportWeeklyCrossRegionalData" time="90.426"/>
</testsuite> <!-- bp2.TCImportWeeklyCrossRegionalData -->
