<?xml version="1.0" encoding="UTF-8"?>
<!-- Generated by org.testng.reporters.JUnitReportReporter -->
<testsuite skipped="0" hostname="darLinh" name="bp2.TCGoBear" tests="1" failures="0" timestamp="20 Apr 2020 07:04:32 GMT" time="25.204" errors="0">
  <testcase name="GoBear" time="25.204" classname="bp2.TCGoBear"/>
</testsuite> <!-- bp2.TCGoBear -->
