<?xml version="1.0" encoding="UTF-8"?>
<!-- Generated by org.testng.reporters.JUnitReportReporter -->
<testsuite hostname="vtnhuan" failures="0" tests="1" name="bp2.TCSASCreateEditSuperConUser" time="46.714" errors="0" timestamp="11 Jan 2019 08:03:16 GMT" skipped="0">
  <testcase classname="bp2.TCSASCreateEditSuperConUser" name="CreateEditSuperConUser" time="46.714"/>
</testsuite> <!-- bp2.TCSASCreateEditSuperConUser -->
